<?xml version="1.0" encoding="UTF-8"?>
<!-- Generated by org.testng.reporters.JUnitXMLReporter -->
<testsuite ignored="1" hostname="QKNBK4736" failures="0" tests="1" name="Default test" time="0.969" errors="0" timestamp="2024-07-05T18:17:35 IST">
  <testcase classname="RestNotes.CreateRequestBody" name="DeleteUser" time="0.939"/>
  <testcase classname="RestNotes.CreateRequestBody" name="createRequestORGJSONLibrary" time="0.0">
    <ignored/>
  </testcase> <!-- createRequestORGJSONLibrary -->
</testsuite> <!-- Default test -->
