<?xml version="1.0" encoding="UTF-8"?>
<!-- Generated by org.testng.reporters.JUnitXMLReporter -->
<testsuite ignored="0" hostname="QKNBK4736" failures="0" tests="5" name="Test" time="5.036" errors="0" timestamp="2024-07-18T15:08:11 IST">
  <testcase classname="RestNotes.StartOne" name="getUsers" time="2.459"/>
  <testcase classname="RestNotes.StartOne" name="createUser" time="0.76"/>
  <testcase classname="RestNotes.StartOne" name="savingUserID" time="0.584"/>
  <testcase classname="RestNotes.StartOne" name="updatingData" time="0.491"/>
  <testcase classname="RestNotes.StartOne" name="deleteUser" time="0.605"/>
</testsuite> <!-- Test -->
