<?xml version="1.0" encoding="UTF-8"?>
<!-- Generated by org.testng.reporters.JUnitXMLReporter -->
<testsuite ignored="0" hostname="QKNBK4736" failures="0" tests="3" name="Test" time="6.838" errors="0" timestamp="2024-03-27T17:06:16 IST">
  <testcase classname="dataProviderUtility.dataProviderUtil" name="testAPI" time="3.289"/>
  <testcase classname="dataProviderUtility.dataProviderUtil" name="testAPI" time="1.281"/>
  <testcase classname="dataProviderUtility.dataProviderUtil" name="testAPI" time="1.002"/>
</testsuite> <!-- Test -->
