<?xml version="1.0" encoding="UTF-8"?>
<testng-results ignored="0" total="1" passed="1" failed="0" skipped="0">
  <reporter-output>
  </reporter-output>
  <suite started-at="2024-07-19T18:24:26 IST" name="Default suite" finished-at="2024-07-19T18:24:27 IST" duration-ms="1515">
    <groups>
    </groups>
    <test started-at="2024-07-19T18:24:26 IST" name="Default test" finished-at="2024-07-19T18:24:27 IST" duration-ms="1515">
      <class name="RestNotes.SchemaTestAndValidation">
        <test-method signature="schemaValidation()[pri:0, instance:RestNotes.SchemaTestAndValidation@6c45ee6e]" started-at="2024-07-19T18:24:26 IST" name="schemaValidation" finished-at="2024-07-19T18:24:27 IST" duration-ms="1438" status="PASS">
          <reporter-output>
          </reporter-output>
        </test-method> <!-- schemaValidation -->
      </class> <!-- RestNotes.SchemaTestAndValidation -->
    </test> <!-- Default test -->
  </suite> <!-- Default suite -->
</testng-results>
